<?xml version="1.0" encoding="UTF-8" ?>
<testsuite tests="1" failures="1" name="ku.piii.fxtableoutofbox.TestMainApp" time="3.377" errors="0" skipped="0">
  <properties>
    <property name="java.runtime.name" value="Java(TM) SE Runtime Environment"/>
    <property name="sun.boot.library.path" value="C:\Program Files\Java\jdk1.8.0_111\jre\bin"/>
    <property name="java.vm.version" value="25.111-b14"/>
    <property name="java.vm.vendor" value="Oracle Corporation"/>
    <property name="java.vendor.url" value="http://java.oracle.com/"/>
    <property name="path.separator" value=";"/>
    <property name="guice.disable.misplaced.annotation.check" value="true"/>
    <property name="java.vm.name" value="Java HotSpot(TM) 64-Bit Server VM"/>
    <property name="file.encoding.pkg" value="sun.io"/>
    <property name="user.script" value=""/>
    <property name="user.country" value="GB"/>
    <property name="sun.java.launcher" value="SUN_STANDARD"/>
    <property name="sun.os.patch.level" value=""/>
    <property name="java.vm.specification.name" value="Java Virtual Machine Specification"/>
    <property name="user.dir" value="C:\Users\micha\Documents\Repositories\PIII"/>
    <property name="java.runtime.version" value="1.8.0_111-b14"/>
    <property name="java.awt.graphicsenv" value="sun.awt.Win32GraphicsEnvironment"/>
    <property name="java.endorsed.dirs" value="C:\Program Files\Java\jdk1.8.0_111\jre\lib\endorsed"/>
    <property name="os.arch" value="amd64"/>
    <property name="java.io.tmpdir" value="C:\Users\micha\AppData\Local\Temp\"/>
    <property name="line.separator" value="
"/>
    <property name="java.vm.specification.vendor" value="Oracle Corporation"/>
    <property name="user.variant" value=""/>
    <property name="os.name" value="Windows 10"/>
    <property name="maven.ext.class.path" value="C:\Program Files\NetBeans 8.1\java\maven-nblib\netbeans-eventspy.jar"/>
    <property name="classworlds.conf" value="C:\Program Files\NetBeans 8.1\java\maven\bin\m2.conf"/>
    <property name="sun.jnu.encoding" value="Cp1252"/>
    <property name="java.library.path" value="C:\Program Files\Java\jdk1.8.0_111\bin;C:\windows\Sun\Java\bin;C:\windows\system32;C:\windows;C:\ProgramData\Oracle\Java\javapath;C:\windows\system32;C:\windows;C:\windows\System32\Wbem;C:\windows\System32\WindowsPowerShell\v1.0\;C:\Program Files (x86)\Brackets\command;C:\Program Files (x86)\Skype\Phone\;C:\Users\micha\AppData\Local\Microsoft\WindowsApps;;."/>
    <property name="java.specification.name" value="Java Platform API Specification"/>
    <property name="java.class.version" value="52.0"/>
    <property name="sun.management.compiler" value="HotSpot 64-Bit Tiered Compilers"/>
    <property name="os.version" value="10.0"/>
    <property name="user.home" value="C:\Users\micha"/>
    <property name="user.timezone" value="Europe/London"/>
    <property name="java.awt.printerjob" value="sun.awt.windows.WPrinterJob"/>
    <property name="java.specification.version" value="1.8"/>
    <property name="file.encoding" value="Cp1252"/>
    <property name="user.name" value="michael"/>
    <property name="java.class.path" value="C:\Program Files\NetBeans 8.1\java\maven\boot\plexus-classworlds-2.4.jar"/>
    <property name="java.vm.specification.version" value="1.8"/>
    <property name="sun.arch.data.model" value="64"/>
    <property name="java.home" value="C:\Program Files\Java\jdk1.8.0_111\jre"/>
    <property name="sun.java.command" value="org.codehaus.plexus.classworlds.launcher.Launcher -Dmaven.ext.class.path=C:\Program Files\NetBeans 8.1\java\maven-nblib\netbeans-eventspy.jar -Pbuild-all package install"/>
    <property name="java.specification.vendor" value="Oracle Corporation"/>
    <property name="user.language" value="en"/>
    <property name="awt.toolkit" value="sun.awt.windows.WToolkit"/>
    <property name="java.vm.info" value="mixed mode"/>
    <property name="java.version" value="1.8.0_111"/>
    <property name="java.ext.dirs" value="C:\Program Files\Java\jdk1.8.0_111\jre\lib\ext;C:\windows\Sun\Java\lib\ext"/>
    <property name="sun.boot.class.path" value="C:\Program Files\Java\jdk1.8.0_111\jre\lib\resources.jar;C:\Program Files\Java\jdk1.8.0_111\jre\lib\rt.jar;C:\Program Files\Java\jdk1.8.0_111\jre\lib\sunrsasign.jar;C:\Program Files\Java\jdk1.8.0_111\jre\lib\jsse.jar;C:\Program Files\Java\jdk1.8.0_111\jre\lib\jce.jar;C:\Program Files\Java\jdk1.8.0_111\jre\lib\charsets.jar;C:\Program Files\Java\jdk1.8.0_111\jre\lib\jfr.jar;C:\Program Files\Java\jdk1.8.0_111\jre\classes"/>
    <property name="java.vendor" value="Oracle Corporation"/>
    <property name="maven.home" value="C:\Program Files\NetBeans 8.1\java\maven"/>
    <property name="file.separator" value="\"/>
    <property name="java.vendor.url.bug" value="http://bugreport.sun.com/bugreport/"/>
    <property name="sun.cpu.endian" value="little"/>
    <property name="sun.io.unicode.encoding" value="UnicodeLittle"/>
    <property name="sun.desktop" value="windows"/>
    <property name="sun.cpu.isalist" value="amd64"/>
  </properties>
  <testcase classname="ku.piii.fxtableoutofbox.TestMainApp" name="isTableViewListCorrect" time="3.006">
    <failure message="
Expected: iterable over [&lt;ku.piii.model.MusicMedia@2df32bf7[path=..\test-music-files\collection-A\After Many Days\Cannibal Eyes - clip.mp3,lengthInSeconds=&lt;null&gt;,id3Version=&lt;null&gt;,title=Cannibal Eyes,year=2010,genre=Celtic]&gt;, &lt;ku.piii.model.MusicMedia@f4168b8[path=..\test-music-files\collection-A\Anshlavs - Second Trip - clip.mp3,lengthInSeconds=&lt;null&gt;,id3Version=&lt;null&gt;,title=Second Trip,year=&lt;null&gt;,genre=&lt;null&gt;]&gt;, &lt;ku.piii.model.MusicMedia@3bd94634[path=..\test-music-files\collection-A\DARKPOP BAND ANGELIQUE - PERFECT WORLD (AMBIENT) - clip.mp3,lengthInSeconds=&lt;null&gt;,id3Version=&lt;null&gt;,title=PERFECT WORLD (AMBIENT),year=1999,genre=Alt. Rock]&gt;, &lt;ku.piii.model.MusicMedia@58a90037[path=..\test-music-files\collection-A\Freak Fandango Orchestra\Freak Fandango Orchestra - No means no - clip.mp3,lengthInSeconds=&lt;null&gt;,id3Version=&lt;null&gt;,title=No means no,year=2010,genre=Classical]&gt;, &lt;ku.piii.model.MusicMedia@74294adb[path=..\test-music-files\collection-A\Gem Reflection - Tubeman - clip.mp3,lengthInSeconds=&lt;null&gt;,id3Version=&lt;null&gt;,title=Tubeman,year=2000,genre=Black Metal]&gt;, &lt;ku.piii.model.MusicMedia@70a9f84e[path=..\test-music-files\collection-A\IX - la chichonera - clip.mp3,lengthInSeconds=&lt;null&gt;,id3Version=&lt;null&gt;,title=la chichonera,year=1999,genre=Christian Rap]&gt;, &lt;ku.piii.model.MusicMedia@130f889[path=..\test-music-files\collection-A\Omnibrain - Neverending - clip.mp3,lengthInSeconds=&lt;null&gt;,id3Version=&lt;null&gt;,title=Neverending,year=2001,genre=Electronic]&gt;, &lt;ku.piii.model.MusicMedia@1188e820[path=..\test-music-files\collection-A\Orxata Sound System\als nous amos - clip.mp3,lengthInSeconds=&lt;null&gt;,id3Version=&lt;null&gt;,title=als nous amos,year=2012,genre=BritPop]&gt;, &lt;ku.piii.model.MusicMedia@2f490758[path=..\test-music-files\collection-A\Orxata Sound System\fuster meets guevara - clip.mp3,lengthInSeconds=&lt;null&gt;,id3Version=&lt;null&gt;,title=fuster meets guevara,year=2011,genre=Classical]&gt;] in any order
     but: No item matches: &lt;ku.piii.model.MusicMedia@2df32bf7[path=..\test-music-files\collection-A\After Many Days\Cannibal Eyes - clip.mp3,lengthInSeconds=&lt;null&gt;,id3Version=&lt;null&gt;,title=Cannibal Eyes,year=2010,genre=Celtic]&gt;, &lt;ku.piii.model.MusicMedia@f4168b8[path=..\test-music-files\collection-A\Anshlavs - Second Trip - clip.mp3,lengthInSeconds=&lt;null&gt;,id3Version=&lt;null&gt;,title=Second Trip,year=&lt;null&gt;,genre=&lt;null&gt;]&gt;, &lt;ku.piii.model.MusicMedia@3bd94634[path=..\test-music-files\collection-A\DARKPOP BAND ANGELIQUE - PERFECT WORLD (AMBIENT) - clip.mp3,lengthInSeconds=&lt;null&gt;,id3Version=&lt;null&gt;,title=PERFECT WORLD (AMBIENT),year=1999,genre=Alt. Rock]&gt;, &lt;ku.piii.model.MusicMedia@58a90037[path=..\test-music-files\collection-A\Freak Fandango Orchestra\Freak Fandango Orchestra - No means no - clip.mp3,lengthInSeconds=&lt;null&gt;,id3Version=&lt;null&gt;,title=No means no,year=2010,genre=Classical]&gt;, &lt;ku.piii.model.MusicMedia@74294adb[path=..\test-music-files\collection-A\Gem Reflection - Tubeman - clip.mp3,lengthInSeconds=&lt;null&gt;,id3Version=&lt;null&gt;,title=Tubeman,year=2000,genre=Black Metal]&gt;, &lt;ku.piii.model.MusicMedia@70a9f84e[path=..\test-music-files\collection-A\IX - la chichonera - clip.mp3,lengthInSeconds=&lt;null&gt;,id3Version=&lt;null&gt;,title=la chichonera,year=1999,genre=Christian Rap]&gt;, &lt;ku.piii.model.MusicMedia@130f889[path=..\test-music-files\collection-A\Omnibrain - Neverending - clip.mp3,lengthInSeconds=&lt;null&gt;,id3Version=&lt;null&gt;,title=Neverending,year=2001,genre=Electronic]&gt;, &lt;ku.piii.model.MusicMedia@1188e820[path=..\test-music-files\collection-A\Orxata Sound System\als nous amos - clip.mp3,lengthInSeconds=&lt;null&gt;,id3Version=&lt;null&gt;,title=als nous amos,year=2012,genre=BritPop]&gt;, &lt;ku.piii.model.MusicMedia@2f490758[path=..\test-music-files\collection-A\Orxata Sound System\fuster meets guevara - clip.mp3,lengthInSeconds=&lt;null&gt;,id3Version=&lt;null&gt;,title=fuster meets guevara,year=2011,genre=Classical]&gt; in []" type="java.lang.AssertionError">java.lang.AssertionError: 
Expected: iterable over [&lt;ku.piii.model.MusicMedia@2df32bf7[path=..\test-music-files\collection-A\After Many Days\Cannibal Eyes - clip.mp3,lengthInSeconds=&lt;null&gt;,id3Version=&lt;null&gt;,title=Cannibal Eyes,year=2010,genre=Celtic]&gt;, &lt;ku.piii.model.MusicMedia@f4168b8[path=..\test-music-files\collection-A\Anshlavs - Second Trip - clip.mp3,lengthInSeconds=&lt;null&gt;,id3Version=&lt;null&gt;,title=Second Trip,year=&lt;null&gt;,genre=&lt;null&gt;]&gt;, &lt;ku.piii.model.MusicMedia@3bd94634[path=..\test-music-files\collection-A\DARKPOP BAND ANGELIQUE - PERFECT WORLD (AMBIENT) - clip.mp3,lengthInSeconds=&lt;null&gt;,id3Version=&lt;null&gt;,title=PERFECT WORLD (AMBIENT),year=1999,genre=Alt. Rock]&gt;, &lt;ku.piii.model.MusicMedia@58a90037[path=..\test-music-files\collection-A\Freak Fandango Orchestra\Freak Fandango Orchestra - No means no - clip.mp3,lengthInSeconds=&lt;null&gt;,id3Version=&lt;null&gt;,title=No means no,year=2010,genre=Classical]&gt;, &lt;ku.piii.model.MusicMedia@74294adb[path=..\test-music-files\collection-A\Gem Reflection - Tubeman - clip.mp3,lengthInSeconds=&lt;null&gt;,id3Version=&lt;null&gt;,title=Tubeman,year=2000,genre=Black Metal]&gt;, &lt;ku.piii.model.MusicMedia@70a9f84e[path=..\test-music-files\collection-A\IX - la chichonera - clip.mp3,lengthInSeconds=&lt;null&gt;,id3Version=&lt;null&gt;,title=la chichonera,year=1999,genre=Christian Rap]&gt;, &lt;ku.piii.model.MusicMedia@130f889[path=..\test-music-files\collection-A\Omnibrain - Neverending - clip.mp3,lengthInSeconds=&lt;null&gt;,id3Version=&lt;null&gt;,title=Neverending,year=2001,genre=Electronic]&gt;, &lt;ku.piii.model.MusicMedia@1188e820[path=..\test-music-files\collection-A\Orxata Sound System\als nous amos - clip.mp3,lengthInSeconds=&lt;null&gt;,id3Version=&lt;null&gt;,title=als nous amos,year=2012,genre=BritPop]&gt;, &lt;ku.piii.model.MusicMedia@2f490758[path=..\test-music-files\collection-A\Orxata Sound System\fuster meets guevara - clip.mp3,lengthInSeconds=&lt;null&gt;,id3Version=&lt;null&gt;,title=fuster meets guevara,year=2011,genre=Classical]&gt;] in any order
     but: No item matches: &lt;ku.piii.model.MusicMedia@2df32bf7[path=..\test-music-files\collection-A\After Many Days\Cannibal Eyes - clip.mp3,lengthInSeconds=&lt;null&gt;,id3Version=&lt;null&gt;,title=Cannibal Eyes,year=2010,genre=Celtic]&gt;, &lt;ku.piii.model.MusicMedia@f4168b8[path=..\test-music-files\collection-A\Anshlavs - Second Trip - clip.mp3,lengthInSeconds=&lt;null&gt;,id3Version=&lt;null&gt;,title=Second Trip,year=&lt;null&gt;,genre=&lt;null&gt;]&gt;, &lt;ku.piii.model.MusicMedia@3bd94634[path=..\test-music-files\collection-A\DARKPOP BAND ANGELIQUE - PERFECT WORLD (AMBIENT) - clip.mp3,lengthInSeconds=&lt;null&gt;,id3Version=&lt;null&gt;,title=PERFECT WORLD (AMBIENT),year=1999,genre=Alt. Rock]&gt;, &lt;ku.piii.model.MusicMedia@58a90037[path=..\test-music-files\collection-A\Freak Fandango Orchestra\Freak Fandango Orchestra - No means no - clip.mp3,lengthInSeconds=&lt;null&gt;,id3Version=&lt;null&gt;,title=No means no,year=2010,genre=Classical]&gt;, &lt;ku.piii.model.MusicMedia@74294adb[path=..\test-music-files\collection-A\Gem Reflection - Tubeman - clip.mp3,lengthInSeconds=&lt;null&gt;,id3Version=&lt;null&gt;,title=Tubeman,year=2000,genre=Black Metal]&gt;, &lt;ku.piii.model.MusicMedia@70a9f84e[path=..\test-music-files\collection-A\IX - la chichonera - clip.mp3,lengthInSeconds=&lt;null&gt;,id3Version=&lt;null&gt;,title=la chichonera,year=1999,genre=Christian Rap]&gt;, &lt;ku.piii.model.MusicMedia@130f889[path=..\test-music-files\collection-A\Omnibrain - Neverending - clip.mp3,lengthInSeconds=&lt;null&gt;,id3Version=&lt;null&gt;,title=Neverending,year=2001,genre=Electronic]&gt;, &lt;ku.piii.model.MusicMedia@1188e820[path=..\test-music-files\collection-A\Orxata Sound System\als nous amos - clip.mp3,lengthInSeconds=&lt;null&gt;,id3Version=&lt;null&gt;,title=als nous amos,year=2012,genre=BritPop]&gt;, &lt;ku.piii.model.MusicMedia@2f490758[path=..\test-music-files\collection-A\Orxata Sound System\fuster meets guevara - clip.mp3,lengthInSeconds=&lt;null&gt;,id3Version=&lt;null&gt;,title=fuster meets guevara,year=2011,genre=Classical]&gt; in []
	at org.hamcrest.MatcherAssert.assertThat(MatcherAssert.java:20)
	at org.junit.Assert.assertThat(Assert.java:956)
	at org.junit.Assert.assertThat(Assert.java:923)
	at ku.piii.fxtableoutofbox.TestMainApp.isTableViewListCorrect(TestMainApp.java:76)
	at sun.reflect.NativeMethodAccessorImpl.invoke0(Native Method)
	at sun.reflect.NativeMethodAccessorImpl.invoke(NativeMethodAccessorImpl.java:62)
	at sun.reflect.DelegatingMethodAccessorImpl.invoke(DelegatingMethodAccessorImpl.java:43)
	at java.lang.reflect.Method.invoke(Method.java:498)
	at org.junit.runners.model.FrameworkMethod$1.runReflectiveCall(FrameworkMethod.java:50)
	at org.junit.internal.runners.model.ReflectiveCallable.run(ReflectiveCallable.java:12)
	at org.junit.runners.model.FrameworkMethod.invokeExplosively(FrameworkMethod.java:47)
	at org.junit.internal.runners.statements.InvokeMethod.evaluate(InvokeMethod.java:17)
	at org.junit.internal.runners.statements.RunBefores.evaluate(RunBefores.java:26)
	at org.junit.runners.ParentRunner.runLeaf(ParentRunner.java:325)
	at org.junit.runners.BlockJUnit4ClassRunner.runChild(BlockJUnit4ClassRunner.java:78)
	at org.junit.runners.BlockJUnit4ClassRunner.runChild(BlockJUnit4ClassRunner.java:57)
	at org.junit.runners.ParentRunner$3.run(ParentRunner.java:290)
	at org.junit.runners.ParentRunner$1.schedule(ParentRunner.java:71)
	at org.junit.runners.ParentRunner.runChildren(ParentRunner.java:288)
	at org.junit.runners.ParentRunner.access$000(ParentRunner.java:58)
	at org.junit.runners.ParentRunner$2.evaluate(ParentRunner.java:268)
	at org.junit.runners.ParentRunner.run(ParentRunner.java:363)
	at org.apache.maven.surefire.junit4.JUnit4TestSet.execute(JUnit4TestSet.java:53)
	at org.apache.maven.surefire.junit4.JUnit4Provider.executeTestSet(JUnit4Provider.java:123)
	at org.apache.maven.surefire.junit4.JUnit4Provider.invoke(JUnit4Provider.java:104)
	at sun.reflect.NativeMethodAccessorImpl.invoke0(Native Method)
	at sun.reflect.NativeMethodAccessorImpl.invoke(NativeMethodAccessorImpl.java:62)
	at sun.reflect.DelegatingMethodAccessorImpl.invoke(DelegatingMethodAccessorImpl.java:43)
	at java.lang.reflect.Method.invoke(Method.java:498)
	at org.apache.maven.surefire.util.ReflectionUtils.invokeMethodWithArray(ReflectionUtils.java:164)
	at org.apache.maven.surefire.booter.ProviderFactory$ProviderProxy.invoke(ProviderFactory.java:110)
	at org.apache.maven.surefire.booter.SurefireStarter.invokeProvider(SurefireStarter.java:175)
	at org.apache.maven.surefire.booter.SurefireStarter.runSuitesInProcessWhenForked(SurefireStarter.java:107)
	at org.apache.maven.surefire.booter.ForkedBooter.main(ForkedBooter.java:68)
</failure>
  </testcase>
</testsuite>